<?xml version="1.0" encoding="utf-8"?><testsuites name="pytest tests"><testsuite name="pytest" errors="0" failures="2" skipped="0" tests="15" time="5.690" timestamp="2026-02-19T20:16:34.933782+00:00" hostname="agent-env-72ea1844-43f5-415e-8931-877565e61466"><testcase classname="tests.test_new_features.TestGitHubDeploy" name="test_github_status_endpoint" time="2.091" /><testcase classname="tests.test_new_features.TestGitHubDeploy" name="test_push_workspace_requires_workspace_id" time="0.392"><failure message="AssertionError: assert ('workspace_id' in 'github no conectado. ve a configuración para conectar tu cuenta.' or 'required' in 'github no conectado. ve a configuración para conectar tu cuenta.')&#10; +  where 'github no conectado. ve a configuración para conectar tu cuenta.' = &lt;built-in method lower of str object at 0xfb2c54457630&gt;()&#10; +    where &lt;built-in method lower of str object at 0xfb2c54457630&gt; = 'GitHub no conectado. Ve a configuración para conectar tu cuenta.'.lower&#10; +      where 'GitHub no conectado. Ve a configuración para conectar tu cuenta.' = &lt;built-in method get of dict object at 0xfb2c541c3380&gt;('detail', '')&#10; +        where &lt;built-in method get of dict object at 0xfb2c541c3380&gt; = {'detail': 'GitHub no conectado. Ve a configuración para conectar tu cuenta.'}.get&#10; +  and   'github no conectado. ve a configuración para conectar tu cuenta.' = &lt;built-in method lower of str object at 0xfb2c54457630&gt;()&#10; +    where &lt;built-in method lower of str object at 0xfb2c54457630&gt; = 'GitHub no conectado. Ve a configuración para conectar tu cuenta.'.lower&#10; +      where 'GitHub no conectado. Ve a configuración para conectar tu cuenta.' = &lt;built-in method get of dict object at 0xfb2c541c3380&gt;('detail', '')&#10; +        where &lt;built-in method get of dict object at 0xfb2c541c3380&gt; = {'detail': 'GitHub no conectado. Ve a configuración para conectar tu cuenta.'}.get">tests/test_new_features.py:66: in test_push_workspace_requires_workspace_id
    assert "workspace_id" in data.get("detail", "").lower() or "required" in data.get("detail", "").lower()
E   AssertionError: assert ('workspace_id' in 'github no conectado. ve a configuración para conectar tu cuenta.' or 'required' in 'github no conectado. ve a configuración para conectar tu cuenta.')
E    +  where 'github no conectado. ve a configuración para conectar tu cuenta.' = &lt;built-in method lower of str object at 0xfb2c54457630&gt;()
E    +    where &lt;built-in method lower of str object at 0xfb2c54457630&gt; = 'GitHub no conectado. Ve a configuración para conectar tu cuenta.'.lower
E    +      where 'GitHub no conectado. Ve a configuración para conectar tu cuenta.' = &lt;built-in method get of dict object at 0xfb2c541c3380&gt;('detail', '')
E    +        where &lt;built-in method get of dict object at 0xfb2c541c3380&gt; = {'detail': 'GitHub no conectado. Ve a configuración para conectar tu cuenta.'}.get
E    +  and   'github no conectado. ve a configuración para conectar tu cuenta.' = &lt;built-in method lower of str object at 0xfb2c54457630&gt;()
E    +    where &lt;built-in method lower of str object at 0xfb2c54457630&gt; = 'GitHub no conectado. Ve a configuración para conectar tu cuenta.'.lower
E    +      where 'GitHub no conectado. Ve a configuración para conectar tu cuenta.' = &lt;built-in method get of dict object at 0xfb2c541c3380&gt;('detail', '')
E    +        where &lt;built-in method get of dict object at 0xfb2c541c3380&gt; = {'detail': 'GitHub no conectado. Ve a configuración para conectar tu cuenta.'}.get</failure></testcase><testcase classname="tests.test_new_features.TestGitHubDeploy" name="test_push_workspace_invalid_workspace" time="0.404" /><testcase classname="tests.test_new_features.TestExpertAgents" name="test_expert_agents_endpoint_returns_all_agents" time="0.065" /><testcase classname="tests.test_new_features.TestExpertAgents" name="test_expert_agents_have_required_fields" time="0.106" /><testcase classname="tests.test_new_features.TestExpertAgents" name="test_game_developer_agent_details" time="0.090" /><testcase classname="tests.test_new_features.TestExpertAgents" name="test_ecommerce_agent_details" time="0.091" /><testcase classname="tests.test_new_features.TestExpertAgents" name="test_generate_expert_requires_description" time="0.277" /><testcase classname="tests.test_new_features.TestExpertAgents" name="test_generate_expert_accepts_valid_request" time="0.495"><failure message="AssertionError: Unexpected status: 520&#10;assert 520 in [200, 201, 202, 402]&#10; +  where 520 = &lt;Response [520]&gt;.status_code">tests/test_new_features.py:183: in test_generate_expert_accepts_valid_request
    assert response.status_code in [200, 201, 202, 402], f"Unexpected status: {response.status_code}"
E   AssertionError: Unexpected status: 520
E   assert 520 in [200, 201, 202, 402]
E    +  where 520 = &lt;Response [520]&gt;.status_code</failure></testcase><testcase classname="tests.test_new_features.TestMarketplace" name="test_marketplace_templates_endpoint" time="0.174" /><testcase classname="tests.test_new_features.TestMarketplace" name="test_marketplace_templates_structure" time="0.349" /><testcase classname="tests.test_new_features.TestWorkspaceAPI" name="test_recent_workspaces_endpoint" time="0.392" /><testcase classname="tests.test_new_features.TestCoreAPIs" name="test_auth_login_endpoint" time="0.511" /><testcase classname="tests.test_new_features.TestCoreAPIs" name="test_agents_v2_costs_endpoint" time="0.069" /><testcase classname="tests.test_new_features.TestCoreAPIs" name="test_agents_v2_list_endpoint" time="0.080" /></testsuite></testsuites>