<?xml version="1.0" encoding="utf-8"?><testsuites name="pytest tests"><testsuite name="pytest" errors="0" failures="0" skipped="0" tests="15" time="30.882" timestamp="2026-02-19T20:18:13.846147+00:00" hostname="agent-env-72ea1844-43f5-415e-8931-877565e61466"><testcase classname="tests.test_new_features.TestGitHubDeploy" name="test_github_status_endpoint" time="2.007" /><testcase classname="tests.test_new_features.TestGitHubDeploy" name="test_push_workspace_validates_input" time="0.399" /><testcase classname="tests.test_new_features.TestGitHubDeploy" name="test_push_workspace_invalid_workspace" time="0.446" /><testcase classname="tests.test_new_features.TestExpertAgents" name="test_expert_agents_endpoint_returns_all_agents" time="0.119" /><testcase classname="tests.test_new_features.TestExpertAgents" name="test_expert_agents_have_required_fields" time="0.206" /><testcase classname="tests.test_new_features.TestExpertAgents" name="test_game_developer_agent_details" time="0.192" /><testcase classname="tests.test_new_features.TestExpertAgents" name="test_ecommerce_agent_details" time="0.181" /><testcase classname="tests.test_new_features.TestExpertAgents" name="test_generate_expert_requires_description" time="0.386" /><testcase classname="tests.test_new_features.TestExpertAgents" name="test_generate_expert_accepts_valid_request" time="25.118" /><testcase classname="tests.test_new_features.TestMarketplace" name="test_marketplace_templates_endpoint" time="0.435" /><testcase classname="tests.test_new_features.TestMarketplace" name="test_marketplace_templates_structure" time="0.210" /><testcase classname="tests.test_new_features.TestWorkspaceAPI" name="test_recent_workspaces_endpoint" time="0.407" /><testcase classname="tests.test_new_features.TestCoreAPIs" name="test_auth_login_endpoint" time="0.535" /><testcase classname="tests.test_new_features.TestCoreAPIs" name="test_agents_v2_costs_endpoint" time="0.087" /><testcase classname="tests.test_new_features.TestCoreAPIs" name="test_agents_v2_list_endpoint" time="0.083" /></testsuite></testsuites>