<?xml version="1.0" encoding="utf-8"?><testsuites name="pytest tests"><testsuite name="pytest" errors="0" failures="0" skipped="1" tests="19" time="9.676" timestamp="2026-02-17T18:38:05.952096+00:00" hostname="agent-env-52f058d2-31cf-4b61-a7b3-1692e9ecdf0f"><testcase classname="backend.tests.test_auth_and_conversations.TestHealthCheck" name="test_api_root_accessible" time="0.253" /><testcase classname="backend.tests.test_auth_and_conversations.TestModels" name="test_get_available_models" time="0.188" /><testcase classname="backend.tests.test_auth_and_conversations.TestAuthentication" name="test_register_new_user" time="0.389" /><testcase classname="backend.tests.test_auth_and_conversations.TestAuthentication" name="test_register_duplicate_email" time="0.527" /><testcase classname="backend.tests.test_auth_and_conversations.TestAuthentication" name="test_register_invalid_email" time="0.124" /><testcase classname="backend.tests.test_auth_and_conversations.TestAuthentication" name="test_register_short_password" time="0.244" /><testcase classname="backend.tests.test_auth_and_conversations.TestAuthentication" name="test_login_success" time="0.794" /><testcase classname="backend.tests.test_auth_and_conversations.TestAuthentication" name="test_login_invalid_credentials" time="0.214" /><testcase classname="backend.tests.test_auth_and_conversations.TestAuthentication" name="test_login_wrong_password" time="0.747" /><testcase classname="backend.tests.test_auth_and_conversations.TestAuthenticatedEndpoints" name="test_get_current_user" time="0.502" /><testcase classname="backend.tests.test_auth_and_conversations.TestAuthenticatedEndpoints" name="test_unauthorized_without_token" time="0.534" /><testcase classname="backend.tests.test_auth_and_conversations.TestConversations" name="test_create_conversation" time="0.492" /><testcase classname="backend.tests.test_auth_and_conversations.TestConversations" name="test_get_conversations_list" time="0.629" /><testcase classname="backend.tests.test_auth_and_conversations.TestConversations" name="test_delete_conversation" time="0.781" /><testcase classname="backend.tests.test_auth_and_conversations.TestConversations" name="test_fork_conversation" time="0.563" /><testcase classname="backend.tests.test_auth_and_conversations.TestMessages" name="test_send_message_and_get_response" time="0.741"><skipped type="pytest.skip" message="Insufficient credits">/app/backend/tests/test_auth_and_conversations.py:361: Insufficient credits</skipped></testcase><testcase classname="backend.tests.test_auth_and_conversations.TestMessages" name="test_get_conversation_messages" time="0.628" /><testcase classname="backend.tests.test_auth_and_conversations.TestCredits" name="test_get_credit_balance" time="0.632" /><testcase classname="backend.tests.test_auth_and_conversations.TestCredits" name="test_get_credit_packages" time="0.571" /></testsuite></testsuites>