<?xml version="1.0" encoding="utf-8"?><testsuites name="pytest tests"><testsuite name="pytest" errors="0" failures="0" skipped="0" tests="16" time="23.442" timestamp="2026-02-18T20:22:34.032656+00:00" hostname="agent-env-ce90feb2-9256-402c-917e-b645b6b976f9"><testcase classname="tests.test_melus_v2_features.TestHealth" name="test_health_check" time="0.185" /><testcase classname="tests.test_melus_v2_features.TestAdminLogin" name="test_admin_login_success" time="0.360" /><testcase classname="tests.test_melus_v2_features.TestAgentCosts" name="test_get_agent_costs" time="0.136" /><testcase classname="tests.test_melus_v2_features.TestTemplates" name="test_get_all_templates" time="0.136" /><testcase classname="tests.test_melus_v2_features.TestTemplates" name="test_get_template_details" time="0.152" /><testcase classname="tests.test_melus_v2_features.TestTemplates" name="test_get_nonexistent_template" time="0.139" /><testcase classname="tests.test_melus_v2_features.TestUltraMode" name="test_ultra_mode_cost_calculation" time="0.139" /><testcase classname="tests.test_melus_v2_features.TestWorkspaceVersioning" name="test_create_workspace" time="0.620" /><testcase classname="tests.test_melus_v2_features.TestWorkspaceVersioning" name="test_workspace_has_versions" time="0.764" /><testcase classname="tests.test_melus_v2_features.TestZIPDownload" name="test_download_zip_endpoint_exists" time="0.767" /><testcase classname="tests.test_melus_v2_features.TestZIPDownload" name="test_download_nonexistent_workspace" time="0.479" /><testcase classname="tests.test_melus_v2_features.TestDebugEndpoint" name="test_debug_endpoint_requires_workspace" time="0.553" /><testcase classname="tests.test_melus_v2_features.TestDebugEndpoint" name="test_debug_cost_is_30_credits" time="0.222" /><testcase classname="tests.test_melus_v2_features.TestGenerationEndpoints" name="test_generate_requires_description" time="0.491" /><testcase classname="tests.test_melus_v2_features.TestGenerationEndpoints" name="test_generate_from_template_requires_template_id" time="0.467" /><testcase classname="tests.test_melus_v2_features.TestGenerationEndpoints" name="test_generate_checks_credits" time="17.750" /></testsuite></testsuites>