<?xml version="1.0" encoding="utf-8"?><testsuites name="pytest tests"><testsuite name="pytest" errors="0" failures="0" skipped="0" tests="10" time="34.925" timestamp="2026-02-19T18:06:26.003640+00:00" hostname="agent-env-f6f5c2b0-0237-435f-8b1c-10717a34bff0"><testcase classname="backend.tests.test_melus_homepage_workspace.TestHealthAndAuth" name="test_health_endpoint" time="1.194" /><testcase classname="backend.tests.test_melus_homepage_workspace.TestHealthAndAuth" name="test_login_success" time="0.547" /><testcase classname="backend.tests.test_melus_homepage_workspace.TestWorkspaceEndpoints" name="test_workspace_recent" time="0.995" /><testcase classname="backend.tests.test_melus_homepage_workspace.TestWorkspaceEndpoints" name="test_workspace_deployed" time="0.510" /><testcase classname="backend.tests.test_melus_homepage_workspace.TestWorkspaceEndpoints" name="test_workspace_list" time="0.481" /><testcase classname="backend.tests.test_melus_homepage_workspace.TestGenerateEndpoint" name="test_generate_without_auth" time="0.152" /><testcase classname="backend.tests.test_melus_homepage_workspace.TestGenerateEndpoint" name="test_generate_endpoint_exists" time="29.793" /><testcase classname="backend.tests.test_melus_homepage_workspace.TestAgentsV2Endpoints" name="test_agent_costs" time="0.222" /><testcase classname="backend.tests.test_melus_homepage_workspace.TestAgentsV2Endpoints" name="test_list_agents" time="0.155" /><testcase classname="backend.tests.test_melus_homepage_workspace.TestWorkspaceOperations" name="test_get_workspace_by_id" time="0.809" /></testsuite></testsuites>