<?xml version="1.0" encoding="utf-8"?><testsuites name="pytest tests"><testsuite name="pytest" errors="0" failures="1" skipped="0" tests="16" time="24.877" timestamp="2026-02-18T20:21:57.965132+00:00" hostname="agent-env-ce90feb2-9256-402c-917e-b645b6b976f9"><testcase classname="tests.test_melus_v2_features.TestHealth" name="test_health_check" time="0.295"><failure message="AssertionError: assert 'operational' == 'healthy'&#10;  &#10;  - healthy&#10;  + operational">tests/test_melus_v2_features.py:30: in test_health_check
    assert data.get("status") == "healthy"
E   AssertionError: assert 'operational' == 'healthy'
E     
E     - healthy
E     + operational</failure></testcase><testcase classname="tests.test_melus_v2_features.TestAdminLogin" name="test_admin_login_success" time="0.398" /><testcase classname="tests.test_melus_v2_features.TestAgentCosts" name="test_get_agent_costs" time="0.122" /><testcase classname="tests.test_melus_v2_features.TestTemplates" name="test_get_all_templates" time="0.151" /><testcase classname="tests.test_melus_v2_features.TestTemplates" name="test_get_template_details" time="0.155" /><testcase classname="tests.test_melus_v2_features.TestTemplates" name="test_get_nonexistent_template" time="0.134" /><testcase classname="tests.test_melus_v2_features.TestUltraMode" name="test_ultra_mode_cost_calculation" time="0.152" /><testcase classname="tests.test_melus_v2_features.TestWorkspaceVersioning" name="test_create_workspace" time="0.800" /><testcase classname="tests.test_melus_v2_features.TestWorkspaceVersioning" name="test_workspace_has_versions" time="0.683" /><testcase classname="tests.test_melus_v2_features.TestZIPDownload" name="test_download_zip_endpoint_exists" time="0.766" /><testcase classname="tests.test_melus_v2_features.TestZIPDownload" name="test_download_nonexistent_workspace" time="0.619" /><testcase classname="tests.test_melus_v2_features.TestDebugEndpoint" name="test_debug_endpoint_requires_workspace" time="0.666" /><testcase classname="tests.test_melus_v2_features.TestDebugEndpoint" name="test_debug_cost_is_30_credits" time="0.126" /><testcase classname="tests.test_melus_v2_features.TestGenerationEndpoints" name="test_generate_requires_description" time="0.523" /><testcase classname="tests.test_melus_v2_features.TestGenerationEndpoints" name="test_generate_from_template_requires_template_id" time="0.525" /><testcase classname="tests.test_melus_v2_features.TestGenerationEndpoints" name="test_generate_checks_credits" time="18.660" /></testsuite></testsuites>